[17/Apr/2016:14:47:56] ENGINE Listening for SIGUSR1.
[17/Apr/2016:14:47:56] ENGINE Listening for SIGHUP.
[17/Apr/2016:14:47:56] ENGINE Listening for SIGTERM.
[17/Apr/2016:14:47:56] ENGINE Bus STARTING
[17/Apr/2016:14:47:56] ENGINE Started monitor thread '_TimeoutMonitor'.
[17/Apr/2016:14:47:56] ENGINE Serving on http://127.0.0.1:8080
[17/Apr/2016:14:47:56] ENGINE Bus STARTED
[17/Apr/2016:14:48:04] ENGINE Keyboard Interrupt: shutting down bus
[17/Apr/2016:14:48:04] ENGINE Bus STOPPING
[17/Apr/2016:14:48:04] ENGINE HTTP Server cherrypy._cpwsgi_server.CPWSGIServer(('127.0.0.1', 8080)) shut down
[17/Apr/2016:14:48:04] ENGINE Stopped thread '_TimeoutMonitor'.
[17/Apr/2016:14:48:04] ENGINE Bus STOPPED
[17/Apr/2016:14:48:04] ENGINE Bus EXITING
[17/Apr/2016:14:48:04] ENGINE Bus EXITED
[17/Apr/2016:14:48:04] ENGINE Waiting for child threads to terminate...
/home/antony/Documents/python/gestionKendo
[17/Apr/2016:14:48:09] ENGINE Listening for SIGHUP.
[17/Apr/2016:14:48:09] ENGINE Listening for SIGUSR1.
[17/Apr/2016:14:48:09] ENGINE Listening for SIGTERM.
[17/Apr/2016:14:48:09] ENGINE Bus STARTING
[17/Apr/2016:14:48:09] ENGINE Started monitor thread '_TimeoutMonitor'.
[17/Apr/2016:14:48:09] ENGINE Serving on http://127.0.0.1:8080
[17/Apr/2016:14:48:09] ENGINE Bus STARTED
OpenJDK 64-Bit Server VM warning: ignoring option MaxPermSize=350m; support was removed in 8.0
[17/Apr/2016:14:52:19] ENGINE Keyboard Interrupt: shutting down bus
[17/Apr/2016:14:52:19] ENGINE Bus STOPPING
[17/Apr/2016:14:52:19] ENGINE HTTP Server cherrypy._cpwsgi_server.CPWSGIServer(('127.0.0.1', 8080)) shut down
[17/Apr/2016:14:52:19] ENGINE Stopped thread '_TimeoutMonitor'.
[17/Apr/2016:14:52:19] ENGINE Bus STOPPED
[17/Apr/2016:14:52:19] ENGINE Bus EXITING
[17/Apr/2016:14:52:19] ENGINE Bus EXITED
[17/Apr/2016:14:52:19] ENGINE Waiting for child threads to terminate...
/home/antony/Documents/python/gestionKendo
OpenJDK 64-Bit Server VM warning: ignoring option MaxPermSize=350m; support was removed in 8.0
